mode: set
github.com/z0rr0/taskqueue/taskqueue.go:45.77,49.34 4 1
github.com/z0rr0/taskqueue/taskqueue.go:52.5,52.15 1 1
github.com/z0rr0/taskqueue/taskqueue.go:58.5,59.15 2 1
github.com/z0rr0/taskqueue/taskqueue.go:65.5,65.15 1 1
github.com/z0rr0/taskqueue/taskqueue.go:70.5,70.20 1 1
github.com/z0rr0/taskqueue/taskqueue.go:49.34,51.6 1 1
github.com/z0rr0/taskqueue/taskqueue.go:52.15,53.33 1 1
github.com/z0rr0/taskqueue/taskqueue.go:56.9,56.53 1 1
github.com/z0rr0/taskqueue/taskqueue.go:53.33,55.10 1 1
github.com/z0rr0/taskqueue/taskqueue.go:59.15,64.6 4 1
github.com/z0rr0/taskqueue/taskqueue.go:65.15,66.36 1 1
github.com/z0rr0/taskqueue/taskqueue.go:66.36,68.10 1 1
github.com/z0rr0/taskqueue/taskqueue.go:75.70,82.2 6 1
github.com/z0rr0/taskqueue/taskqueue.go:86.63,89.9 3 1
github.com/z0rr0/taskqueue/taskqueue.go:89.9,91.16 2 1
github.com/z0rr0/taskqueue/taskqueue.go:94.9,97.17 4 1
github.com/z0rr0/taskqueue/taskqueue.go:91.16,93.10 1 1
github.com/z0rr0/taskqueue/taskqueue.go:104.62,108.12 4 1
github.com/z0rr0/taskqueue/taskqueue.go:109.9,109.24 0 1
github.com/z0rr0/taskqueue/taskqueue.go:110.9,112.25 2 1
github.com/z0rr0/taskqueue/taskqueue.go:117.28,119.18 2 1
github.com/z0rr0/taskqueue/taskqueue.go:122.5,123.52 1 1
github.com/z0rr0/taskqueue/taskqueue.go:119.18,121.6 1 1
